2023-05-11 12:16:45 -  - exec CUpdateClientPartner::__CollectRequestData
2023-05-11 12:16:45 -  - exec CUpdateClientPartner::GetHTTPPage
2023-05-11 12:16:45 -  - exec CUpdateClientPartner::ParseServerData
2023-05-11 12:16:45 -  - exec CUpdateClientPartner::GetUpdatesList
2023-05-11 12:16:45 -  - exec CUpdateClientPartner::__CollectRequestData
2023-05-11 12:16:45 -  - utf=Y&lang=ru&stable=Y&CANGZIP=Y&SUPD_DBS=MYSQL&XE=N&CLIENT_SITE=localhost&LICENSE_KEY=X&SUPD_STS=1&SUPD_URS=0&SUPD_URSA=1&TYPENC=D&CLIENT_PHPVER=8.0.28&NGINX=Y&dbv=8.0.32&instm=main%2C22.0.300%2CY%3Bmobileapp%2C21.0.300%2CN%3Bstoreassist%2C21.0.0%2CN%3Bb24connector%2C21.100.0%2CN%3Bcatalog%2C22.100.200%2CN%3Bpull%2C22.0.0%2CN%3Bbitrix.eshop%2C21.0.200%2CN%3Bfileman%2C22.0.0%2CN%3Bcurrency%2C22.0.0%2CN%3Babtest%2C21.0.0%2CN%3Bblog%2C21.300.0%2CN%3Bvote%2C21.0.100%2CN%3Bconversion%2C22.0.0%2CN%3Bform%2C21.0.0%2CN%3Btranslate%2C21.100.0%2CN%3Breport%2C22.0.0%2CN%3Bsender%2C22.100.0%2CN%3Brest%2C22.0.100%2CN%3Bclouds%2C22.0.0%2CN%3Bhighloadblock%2C22.200.0%2CN%3Bbitrixcloud%2C22.0.0%2CN%3Bsale%2C22.100.50%2CN%3Bsubscribe%2C21.0.0%2CN%3Blanding%2C21.1300.200%2CN%3Bui%2C22.400.50%2CN%3Bperfmon%2C21.0.0%2CN%3Bphotogallery%2C21.200.0%2CN%3Biblock%2C21.800.300%2CN%3Bbitrix.sitecorporate%2C15.5.0%2CN%3Bsearch%2C22.0.0%2CN%3Bseo%2C22.0.200%2CN%3Bsocialservices%2C22.0.250%2CN%3Bscale%2C21.0.0%2CN%3Bmessageservice%2C22.200.100%2CN%3Bforum%2C21.300.100%2CN%3Bsecurity%2C21.200.0%2CN&reqm=bitrix.eshop%2Cbitrix.sitecorporate&fullmoduleinfo=Y&SUPD_SRS=RU&SUPD_CMP=N
2023-05-11 12:16:45 -  - exec CUpdateClientPartner::GetHTTPPage
2023-05-11 12:16:45 -  - TIME GetUpdatesList(request) 0.153 sec
2023-05-11 12:16:45 -  - exec CUpdateClientPartner::ParseServerData
2023-05-11 12:16:45 -  - exec CUpdateClientPartner::__CollectRequestData
2023-05-11 12:16:45 -  - exec CUpdateClientPartner::GetHTTPPage
2023-05-11 12:16:45 -  - exec CUpdateClientPartner::ParseServerData
2023-05-18 14:05:04 -  - exec CUpdateClientPartner::__CollectRequestData
2023-05-18 14:05:04 -  - exec CUpdateClientPartner::GetHTTPPage
2023-05-18 14:05:04 -  - exec CUpdateClientPartner::ParseServerData
2023-05-18 14:05:04 -  - exec CUpdateClientPartner::GetUpdatesList
2023-05-18 14:05:04 -  - exec CUpdateClientPartner::__CollectRequestData
2023-05-18 14:05:04 -  - utf=Y&lang=ru&stable=Y&CANGZIP=Y&SUPD_DBS=MYSQL&XE=N&CLIENT_SITE=localhost&LICENSE_KEY=X&SUPD_STS=1&SUPD_URS=0&SUPD_URSA=1&TYPENC=D&CLIENT_PHPVER=8.0.28&NGINX=Y&dbv=8.0.33&instm=main%2C22.0.300%2CY%3Bmobileapp%2C21.0.300%2CN%3Bstoreassist%2C21.0.0%2CN%3Bb24connector%2C21.100.0%2CN%3Bcatalog%2C22.100.200%2CN%3Bpull%2C22.0.0%2CN%3Bbitrix.eshop%2C21.0.200%2CN%3Bfileman%2C22.0.0%2CN%3Bcurrency%2C22.0.0%2CN%3Babtest%2C21.0.0%2CN%3Bblog%2C21.300.0%2CN%3Bvote%2C21.0.100%2CN%3Bconversion%2C22.0.0%2CN%3Bform%2C21.0.0%2CN%3Btranslate%2C21.100.0%2CN%3Breport%2C22.0.0%2CN%3Bsender%2C22.100.0%2CN%3Brest%2C22.0.100%2CN%3Bclouds%2C22.0.0%2CN%3Bhighloadblock%2C22.200.0%2CN%3Bbitrixcloud%2C22.0.0%2CN%3Bsale%2C22.100.50%2CN%3Bsubscribe%2C21.0.0%2CN%3Blanding%2C21.1300.200%2CN%3Bui%2C22.400.50%2CN%3Bperfmon%2C21.0.0%2CN%3Bphotogallery%2C21.200.0%2CN%3Biblock%2C21.800.300%2CN%3Bbitrix.sitecorporate%2C15.5.0%2CN%3Bsearch%2C22.0.0%2CN%3Bseo%2C22.0.200%2CN%3Bsocialservices%2C22.0.250%2CN%3Bscale%2C21.0.0%2CN%3Bmessageservice%2C22.200.100%2CN%3Bforum%2C21.300.100%2CN%3Bsecurity%2C21.200.0%2CN&reqm=bitrix.eshop%2Cbitrix.sitecorporate&fullmoduleinfo=Y&SUPD_SRS=RU&SUPD_CMP=N
2023-05-18 14:05:04 -  - exec CUpdateClientPartner::GetHTTPPage
2023-05-18 14:05:04 -  - TIME GetUpdatesList(request) 0.154 sec
2023-05-18 14:05:04 -  - exec CUpdateClientPartner::ParseServerData
2023-05-18 14:05:04 -  - exec CUpdateClientPartner::__CollectRequestData
2023-05-18 14:05:04 -  - exec CUpdateClientPartner::GetHTTPPage
2023-05-18 14:05:04 -  - exec CUpdateClientPartner::ParseServerData
2023-05-18 14:32:26 - Ux11 - Ошибка описания модуля "sprint.migration"
2023-05-18 14:32:26 -  - exec CUpdateClientPartner::GetUpdatesList
2023-05-18 14:32:26 -  - exec CUpdateClientPartner::__CollectRequestData
2023-05-18 14:32:26 - Ux11 - Ошибка описания модуля "sprint.migration"
2023-05-18 14:32:26 - NCRD01 - [Ux11] Ошибка описания модуля "sprint.migration". 
2023-05-18 14:32:26 - GUL01 - Empty query list
2023-05-18 14:32:26 - Ux11 - Ошибка описания модуля "sprint.migration"
2023-05-18 14:32:29 - Ux11 - Ошибка описания модуля "sprint.migration"
2023-05-18 14:32:29 -  - exec CUpdateClientPartner::GetUpdatesList
2023-05-18 14:32:29 -  - exec CUpdateClientPartner::__CollectRequestData
2023-05-18 14:32:29 - Ux11 - Ошибка описания модуля "sprint.migration"
2023-05-18 14:32:29 - NCRD01 - [Ux11] Ошибка описания модуля "sprint.migration". 
2023-05-18 14:32:29 - GUL01 - Empty query list
2023-05-18 14:32:29 - Ux11 - Ошибка описания модуля "sprint.migration"
2023-05-18 14:32:35 - Ux11 - Ошибка описания модуля "sprint.migration"
2023-05-18 14:32:35 -  - exec CUpdateClientPartner::GetUpdatesList
2023-05-18 14:32:35 -  - exec CUpdateClientPartner::__CollectRequestData
2023-05-18 14:32:35 - Ux11 - Ошибка описания модуля "sprint.migration"
2023-05-18 14:32:35 - NCRD01 - [Ux11] Ошибка описания модуля "sprint.migration". 
2023-05-18 14:32:35 - GUL01 - Empty query list
2023-05-18 14:32:35 - Ux11 - Ошибка описания модуля "sprint.migration"
2023-05-18 14:32:36 - Ux11 - Ошибка описания модуля "sprint.migration"
2023-05-18 14:32:36 -  - exec CUpdateClientPartner::GetUpdatesList
2023-05-18 14:32:36 -  - exec CUpdateClientPartner::__CollectRequestData
2023-05-18 14:32:36 - Ux11 - Ошибка описания модуля "sprint.migration"
2023-05-18 14:32:36 - NCRD01 - [Ux11] Ошибка описания модуля "sprint.migration". 
2023-05-18 14:32:36 - GUL01 - Empty query list
2023-05-18 14:32:36 - Ux11 - Ошибка описания модуля "sprint.migration"
2023-05-18 18:23:50 - Ux11 - Ошибка описания модуля "sprint.migration"
2023-05-18 18:23:50 -  - exec CUpdateClientPartner::GetUpdatesList
2023-05-18 18:23:50 -  - exec CUpdateClientPartner::__CollectRequestData
2023-05-18 18:23:50 - Ux11 - Ошибка описания модуля "sprint.migration"
2023-05-18 18:23:50 - NCRD01 - [Ux11] Ошибка описания модуля "sprint.migration". 
2023-05-18 18:23:50 - GUL01 - Empty query list
2023-05-18 18:23:50 - Ux11 - Ошибка описания модуля "sprint.migration"
2023-05-18 18:23:57 - Ux11 - Ошибка описания модуля "sprint.migration"
2023-05-18 18:23:57 -  - exec CUpdateClientPartner::GetUpdatesList
2023-05-18 18:23:57 -  - exec CUpdateClientPartner::__CollectRequestData
2023-05-18 18:23:58 - Ux11 - Ошибка описания модуля "sprint.migration"
2023-05-18 18:23:58 - NCRD01 - [Ux11] Ошибка описания модуля "sprint.migration". 
2023-05-18 18:23:58 - GUL01 - Empty query list
2023-05-18 18:23:58 - Ux11 - Ошибка описания модуля "sprint.migration"
2023-05-18 18:24:06 - Ux11 - Ошибка описания модуля "sprint.migration"
2023-05-18 18:24:13 - Ux11 - Ошибка описания модуля "sprint.migration"
2023-05-18 18:24:21 - Ux11 - Ошибка описания модуля "sprint.migration"
2023-05-18 18:24:30 - Ux11 - Ошибка описания модуля "sprint.migration"
2023-05-18 18:24:58 - Ux11 - Ошибка описания модуля "sprint.migration"
2023-05-18 18:25:33 - Ux11 - Ошибка описания модуля "sprint.migration"
2023-05-18 18:25:44 - Ux11 - Ошибка описания модуля "sprint.migration"
2023-05-25 14:55:46 - Ux11 - Ошибка описания модуля "sprint.migration"
2023-05-25 15:26:13 - Ux11 - Ошибка описания модуля "sprint.migration"
2023-05-25 15:26:13 -  - exec CUpdateClientPartner::GetUpdatesList
2023-05-25 15:26:13 -  - exec CUpdateClientPartner::__CollectRequestData
2023-05-25 15:26:13 - Ux11 - Ошибка описания модуля "sprint.migration"
2023-05-25 15:26:13 - NCRD01 - [Ux11] Ошибка описания модуля "sprint.migration". 
2023-05-25 15:26:13 - GUL01 - Empty query list
2023-05-25 15:26:13 - Ux11 - Ошибка описания модуля "sprint.migration"
2023-05-25 15:26:30 - Ux11 - Ошибка описания модуля "sprint.migration"
2023-05-25 15:26:30 -  - exec CUpdateClientPartner::GetUpdatesList
2023-05-25 15:26:30 -  - exec CUpdateClientPartner::__CollectRequestData
2023-05-25 15:26:30 - Ux11 - Ошибка описания модуля "sprint.migration"
2023-05-25 15:26:30 - NCRD01 - [Ux11] Ошибка описания модуля "sprint.migration". 
2023-05-25 15:26:30 - GUL01 - Empty query list
2023-05-25 15:26:30 - Ux11 - Ошибка описания модуля "sprint.migration"
2023-05-25 15:26:30 - Ux11 - Ошибка описания модуля "sprint.migration"
2023-05-25 15:26:30 -  - exec CUpdateClientPartner::GetUpdatesList
2023-05-25 15:26:30 -  - exec CUpdateClientPartner::__CollectRequestData
2023-05-25 15:26:30 - Ux11 - Ошибка описания модуля "sprint.migration"
2023-05-25 15:26:30 - NCRD01 - [Ux11] Ошибка описания модуля "sprint.migration". 
2023-05-25 15:26:30 - GUL01 - Empty query list
2023-05-25 15:26:30 - Ux11 - Ошибка описания модуля "sprint.migration"
2023-05-25 15:26:41 - Ux11 - Ошибка описания модуля "sprint.migration"
2023-05-25 15:26:41 -  - exec CUpdateClientPartner::GetUpdatesList
2023-05-25 15:26:41 -  - exec CUpdateClientPartner::__CollectRequestData
2023-05-25 15:26:41 - Ux11 - Ошибка описания модуля "sprint.migration"
2023-05-25 15:26:41 - NCRD01 - [Ux11] Ошибка описания модуля "sprint.migration". 
2023-05-25 15:26:41 - GUL01 - Empty query list
2023-05-25 15:26:41 - Ux11 - Ошибка описания модуля "sprint.migration"
2023-05-25 15:38:02 - Ux11 - Ошибка описания модуля "sprint.migration"
2023-05-25 15:38:02 -  - exec CUpdateClientPartner::GetUpdatesList
2023-05-25 15:38:02 -  - exec CUpdateClientPartner::__CollectRequestData
2023-05-25 15:38:02 - Ux11 - Ошибка описания модуля "sprint.migration"
2023-05-25 15:38:02 - NCRD01 - [Ux11] Ошибка описания модуля "sprint.migration". 
2023-05-25 15:38:02 - GUL01 - Empty query list
2023-05-25 15:38:02 - Ux11 - Ошибка описания модуля "sprint.migration"
2023-05-25 15:38:32 - Ux11 - Ошибка описания модуля "sprint.migration"
2023-05-25 15:38:32 -  - exec CUpdateClientPartner::GetUpdatesList
2023-05-25 15:38:32 -  - exec CUpdateClientPartner::__CollectRequestData
2023-05-25 15:38:32 - Ux11 - Ошибка описания модуля "sprint.migration"
2023-05-25 15:38:32 - NCRD01 - [Ux11] Ошибка описания модуля "sprint.migration". 
2023-05-25 15:38:32 - GUL01 - Empty query list
2023-05-25 15:38:32 - Ux11 - Ошибка описания модуля "sprint.migration"
2023-05-25 16:28:28 - Ux11 - Ошибка описания модуля "sprint.migration"
2023-05-25 16:28:28 -  - exec CUpdateClientPartner::GetUpdatesList
2023-05-25 16:28:28 -  - exec CUpdateClientPartner::__CollectRequestData
2023-05-25 16:28:28 - Ux11 - Ошибка описания модуля "sprint.migration"
2023-05-25 16:28:28 - NCRD01 - [Ux11] Ошибка описания модуля "sprint.migration". 
2023-05-25 16:28:28 - GUL01 - Empty query list
2023-05-25 16:28:28 - Ux11 - Ошибка описания модуля "sprint.migration"
2023-05-25 16:28:35 - Ux11 - Ошибка описания модуля "sprint.migration"
2023-05-25 16:28:37 - Ux11 - Ошибка описания модуля "sprint.migration"
2023-05-25 16:28:37 -  - exec CUpdateClientPartner::GetUpdatesList
2023-05-25 16:28:37 -  - exec CUpdateClientPartner::__CollectRequestData
2023-05-25 16:28:37 - Ux11 - Ошибка описания модуля "sprint.migration"
2023-05-25 16:28:37 - NCRD01 - [Ux11] Ошибка описания модуля "sprint.migration". 
2023-05-25 16:28:37 - GUL01 - Empty query list
2023-05-25 16:28:37 - Ux11 - Ошибка описания модуля "sprint.migration"
2023-05-25 18:45:51 - Ux11 - Ошибка описания модуля "sprint.migration"
2023-05-25 18:45:51 -  - exec CUpdateClientPartner::GetUpdatesList
2023-05-25 18:45:51 -  - exec CUpdateClientPartner::__CollectRequestData
2023-05-25 18:45:51 - Ux11 - Ошибка описания модуля "sprint.migration"
2023-05-25 18:45:51 - NCRD01 - [Ux11] Ошибка описания модуля "sprint.migration". 
2023-05-25 18:45:51 - GUL01 - Empty query list
2023-05-25 18:45:51 - Ux11 - Ошибка описания модуля "sprint.migration"
2023-05-25 18:51:18 - Ux11 - Ошибка описания модуля "sprint.migration"
2023-05-25 18:51:18 -  - exec CUpdateClientPartner::GetUpdatesList
2023-05-25 18:51:18 -  - exec CUpdateClientPartner::__CollectRequestData
2023-05-25 18:51:18 - Ux11 - Ошибка описания модуля "sprint.migration"
2023-05-25 18:51:18 - NCRD01 - [Ux11] Ошибка описания модуля "sprint.migration". 
2023-05-25 18:51:18 - GUL01 - Empty query list
2023-05-25 18:51:18 - Ux11 - Ошибка описания модуля "sprint.migration"
